<?xml version="1.0" encoding="UTF-8"?>
<testsuite xmlns:xsi="http://www.w3.org/2001/XMLSchema-instance" xsi:noNamespaceSchemaLocation="https://maven.apache.org/surefire/maven-surefire-plugin/xsd/surefire-test-report.xsd" name="ProductManagerTest" time="0.088" tests="3" errors="0" skipped="0" failures="0">
  <properties>
[...]
</properties>
  <testcase name="shouldFindWithoutName" classname="ProductManagerTest" time="0.048"/>
  <testcase name="shouldFindByName" classname="ProductManagerTest" time="0.008"/>
  <testcase name="shouldFindMoreThanOneProductByName" classname="ProductManagerTest" time="0"/>
</testsuite>